<?xml version="1.0" encoding="UTF-8" standalone="no"?>
<testsuite errors="0" failures="0" name="io.cucumber.core.plugin.JUnitFormatter" skipped="0" tests="1" time="0.218">
    <testcase classname="Login Feature" name="Login as a authenticated user" time="0.022">
        <system-out><![CDATA[Given user is  on homepage..................................................passed
When user navigates to Login Page...........................................passed
And user enters username and Password.......................................passed
Then success message is displayed...........................................passed
]]></system-out>
    </testcase>
</testsuite>
